<?xml version="1.0" encoding="UTF-8"?>
<!-- Generated by org.testng.reporters.JUnitXMLReporter -->
<testsuite ignored="1" hostname="DESKTOP-SQCB40S" failures="0" tests="3" name="Default test" time="0.106" errors="0" timestamp="2021-04-18T12:04:19 IST">
  <testcase classname="testcase.Assgn" name="Apple1" time="0.014"/>
  <testcase classname="testcase.Assgn" name="Banana" time="0.004"/>
  <testcase classname="testcase.Assgn" name="JackFruit" time="0.006"/>
  <testcase classname="testcase.Assgn" name="Orange" time="0.0">
    <ignored/>
  </testcase> <!-- Orange -->
</testsuite> <!-- Default test -->
