<?xml version="1.0" encoding="UTF-8"?>
<!-- Generated by org.testng.reporters.JUnitXMLReporter -->
<testsuite ignored="0" hostname="DESKTOP-SQCB40S" failures="0" tests="3" name="Test" time="49.044" errors="0" timestamp="2021-05-15T18:49:15 IST">
  <testcase classname="commondp.CreateLead" name="runcreatelead" time="3.864"/>
  <testcase classname="commondp.CreateLead" name="runcreatelead" time="3.554"/>
  <testcase classname="commondp.CreateLead" name="runcreatelead" time="3.342"/>
</testsuite> <!-- Test -->
